<?xml version="1.0" encoding="UTF-8"?>
<testng-results skipped="0" failed="0" ignored="0" total="1" passed="1">
  <reporter-output>
  </reporter-output>
  <suite name="Default suite" duration-ms="7610" started-at="2020-09-22T13:32:54Z" finished-at="2020-09-22T13:33:02Z">
    <groups>
    </groups>
    <test name="Default test" duration-ms="7610" started-at="2020-09-22T13:32:54Z" finished-at="2020-09-22T13:33:02Z">
      <class name="com.qa.test.postApiTest">
        <test-method status="PASS" signature="setUp()[pri:0, instance:com.qa.test.postApiTest@d1ad2e]" name="setUp" is-config="true" duration-ms="35" started-at="2020-09-22T13:32:54Z" finished-at="2020-09-22T13:32:54Z">
          <reporter-output>
          </reporter-output>
        </test-method> <!-- setUp -->
        <test-method status="PASS" signature="postApiTest()[pri:0, instance:com.qa.test.postApiTest@d1ad2e]" name="postApiTest" duration-ms="7411" started-at="2020-09-22T13:32:54Z" finished-at="2020-09-22T13:33:02Z">
          <reporter-output>
          </reporter-output>
        </test-method> <!-- postApiTest -->
      </class> <!-- com.qa.test.postApiTest -->
    </test> <!-- Default test -->
  </suite> <!-- Default suite -->
</testng-results>
